%!Adobe-FontList 1.18
%Locale:0x419

%BeginFont
Handler:DirectoryHandler
FontType:TrueType
FontName:Arial-BoldMT
FamilyName:Arial
StyleName:Bold
FullName:Arial Bold
MenuName:Arial
StyleBits:2
WritingScript:Roman
OutlineFileName:D:\Клиенты\Айдеко\WP\High-performance content filtering system\Document fonts\arialbd.ttf
DataFormat:sfntData
hasSVG:no
FileLength:971376
FileModTime:1506692487
WeightClass:700
WidthClass:5
AngleClass:0
NameArray:0,Mac,4,Arial Bold
NameArray:0,Win,1,Arial
%EndFont

%BeginFont
Handler:DirectoryHandler
FontType:TrueType
FontName:OpenSans-Bold
FamilyName:Open Sans
StyleName:Bold
FullName:Open Sans Bold
MenuName:Open Sans
StyleBits:2
WritingScript:Roman
OutlineFileName:D:\Клиенты\Айдеко\WP\High-performance content filtering system\Document fonts\OpenSans-Bold.ttf
DataFormat:sfntData
hasSVG:no
FileLength:224592
FileModTime:1345409394
WeightClass:700
WidthClass:5
AngleClass:0
NameArray:0,Mac,4,Open Sans Bold
NameArray:0,Win,1,Open Sans
%EndFont

%BeginFont
Handler:DirectoryHandler
FontType:TrueType
FontName:OpenSans-Extrabold
FamilyName:Open Sans
StyleName:Extrabold
FullName:Open Sans Extrabold
MenuName:Open Sans Extrabold
StyleBits:0
WritingScript:Roman
OutlineFileName:D:\Клиенты\Айдеко\WP\High-performance content filtering system\Document fonts\OpenSans-ExtraBold.ttf
DataFormat:sfntData
hasSVG:no
FileLength:222584
FileModTime:1345409394
WeightClass:800
WidthClass:5
AngleClass:0
NameArray:0,Mac,4,Open Sans Extrabold
NameArray:0,Win,1,Open Sans Extrabold
NameArray:0,Win,16,Open Sans
%EndFont

%BeginFont
Handler:DirectoryHandler
FontType:TrueType
FontName:OpenSans
FamilyName:Open Sans
StyleName:Regular
FullName:Open Sans
MenuName:Open Sans
StyleBits:0
WritingScript:Roman
OutlineFileName:D:\Клиенты\Айдеко\WP\High-performance content filtering system\Document fonts\OpenSans-Regular.ttf
DataFormat:sfntData
hasSVG:no
FileLength:217360
FileModTime:1345409392
WeightClass:400
WidthClass:5
AngleClass:0
NameArray:0,Mac,4,Open Sans
NameArray:0,Win,1,Open Sans
%EndFont

